<?xml version="1.0" encoding="UTF-8"?>
<!-- Generated by org.testng.reporters.JUnitReportReporter -->
<testsuite hostname="QA0079" failures="0" tests="1" name="testcase.CreateLead" time="69.864" errors="0" timestamp="2024-04-05T12:21:51 IST" skipped="0">
  <testcase classname="testcase.CreateLead" name="runCreatLead" time="69.864"/>
  <system-out/>
</testsuite> <!-- testcase.CreateLead -->
