<?xml version="1.0" encoding="UTF-8"?>
<!-- Generated by org.testng.reporters.JUnitReportReporter -->
<testsuite hostname="QA0079" failures="0" tests="5" name="testCases.LearnInvocation" time="24.542" errors="0" timestamp="2024-04-05T12:49:51 IST" skipped="0">
  <testcase classname="testCases.LearnInvocation" name="run" time="4.512"/>
  <system-out/>
  <testcase classname="testCases.LearnInvocation" name="run" time="4.044"/>
  <system-out/>
  <testcase classname="testCases.LearnInvocation" name="run" time="4.270"/>
  <system-out/>
  <testcase classname="testCases.LearnInvocation" name="run" time="5.388"/>
  <system-out/>
  <testcase classname="testCases.LearnInvocation" name="run" time="6.328"/>
  <system-out/>
</testsuite> <!-- testCases.LearnInvocation -->
