<?xml version="1.0" encoding="UTF-8"?>
<!-- Generated by org.testng.reporters.JUnitReportReporter -->
<testsuite hostname="QA0079" failures="0" tests="1" name="testCases.LearnTestNg" time="0.013" errors="0" timestamp="2024-04-05T13:02:53 IST" skipped="0">
  <testcase classname="testCases.LearnTestNg" name="test" time="0.013"/>
  <system-out/>
</testsuite> <!-- testCases.LearnTestNg -->
